<?xml version="1.0" encoding="UTF-8"?>
<!-- Generated by org.testng.reporters.JUnitReportReporter -->
<testsuite hostname="KairosHW0452" failures="0" tests="1" name="com.TestBase.BaseClass" time="6.834" errors="0" timestamp="2023-06-09T13:06:43 IST" skipped="0">
  <testcase classname="com.TestBase.BaseClass" name="setUp" time="6.834"/>
  <system-out/>
</testsuite> <!-- com.TestBase.BaseClass -->
