<?xml version="1.0" encoding="UTF-8"?>
<!-- Generated by org.testng.reporters.JUnitReportReporter -->
<testsuite hostname="KairosHW0452" failures="0" tests="1" name="com.TestCases.SearchSuggestions_TC_002" time="8.495" errors="0" timestamp="2023-06-14T12:19:02 IST" skipped="0">
  <testcase classname="com.TestCases.SearchSuggestions_TC_002" name="searchSuggestions" time="8.495"/>
  <system-out/>
</testsuite> <!-- com.TestCases.SearchSuggestions_TC_002 -->
