<?xml version="1.0" encoding="UTF-8"?>
<!-- Generated by org.testng.reporters.JUnitReportReporter -->
<testsuite hostname="KairosHW0452" failures="0" tests="2" name="com.TestCases.SearchFunctionality_TC_001" time="4.467" errors="0" timestamp="2023-06-14T13:01:41 IST" skipped="0">
  <testcase classname="com.TestCases.SearchFunctionality_TC_001" name="validations" time="0.254"/>
  <system-out/>
  <testcase classname="com.TestCases.SearchFunctionality_TC_001" name="SearchFunctionality" time="4.213"/>
  <system-out/>
</testsuite> <!-- com.TestCases.SearchFunctionality_TC_001 -->
